<?xml version="1.0" encoding="UTF-8"?>
<!-- Generated by org.testng.reporters.JUnitReportReporter -->
<testsuite skipped="0" hostname="IND-MAC-FGCLVCG.local" name="com.test.LoginTest" tests="1" failures="0" timestamp="16 Apr 2020 09:13:41 GMT" time="5.457" errors="0">
  <testcase name="userLogin" time="5.457" classname="com.test.LoginTest"/>
</testsuite> <!-- com.test.LoginTest -->
