<?xml version="1.0" encoding="UTF-8"?>
<!-- Generated by org.testng.reporters.JUnitReportReporter -->
<testsuite skipped="0" hostname="IND-MAC-FGCLVCG.local" name="com.test.LoginTest" tests="1" failures="0" timestamp="16 Apr 2020 11:54:06 GMT" time="6.933" errors="0">
  <testcase name="userLogin" time="6.933" classname="com.test.LoginTest"/>
</testsuite> <!-- com.test.LoginTest -->
